<?xml version="1.0" encoding="UTF-8"?>
<coverage generated="1732093535398" clover="3.2.0">
  <project timestamp="1732093535399" name="All files">
    <metrics statements="30" coveredstatements="24" conditionals="1" coveredconditionals="0" methods="8" coveredmethods="8" elements="39" coveredelements="32" complexity="0" loc="30" ncloc="30" packages="1" files="3" classes="3"/>
    <file name="newsPollingService.ts" path="C:\Dev\real-time-news-aggregator\backend\src\services\newsPollingService.ts">
      <metrics statements="15" coveredstatements="9" conditionals="1" coveredconditionals="0" methods="3" coveredmethods="3"/>
      <line num="1" count="1" type="stmt"/>
      <line num="2" count="1" type="stmt"/>
      <line num="5" count="1" type="stmt"/>
      <line num="6" count="1" type="stmt"/>
      <line num="8" count="1" type="stmt"/>
      <line num="9" count="1" type="stmt"/>
      <line num="10" count="1" type="stmt"/>
      <line num="11" count="1" type="stmt"/>
      <line num="12" count="1" type="stmt"/>
      <line num="14" count="0" type="stmt"/>
      <line num="15" count="0" type="stmt"/>
      <line num="17" count="0" type="cond" truecount="0" falsecount="1"/>
      <line num="18" count="0" type="stmt"/>
      <line num="20" count="0" type="stmt"/>
      <line num="24" count="0" type="stmt"/>
    </file>
    <file name="newsService.ts" path="C:\Dev\real-time-news-aggregator\backend\src\services\newsService.ts">
      <metrics statements="11" coveredstatements="11" conditionals="0" coveredconditionals="0" methods="2" coveredmethods="2"/>
      <line num="1" count="1" type="stmt"/>
      <line num="2" count="1" type="stmt"/>
      <line num="4" count="1" type="stmt"/>
      <line num="6" count="1" type="stmt"/>
      <line num="7" count="1" type="stmt"/>
      <line num="9" count="2" type="stmt"/>
      <line num="10" count="2" type="stmt"/>
      <line num="11" count="2" type="stmt"/>
      <line num="24" count="1" type="stmt"/>
      <line num="26" count="1" type="stmt"/>
      <line num="27" count="1" type="stmt"/>
    </file>
    <file name="subscriptionService.ts" path="C:\Dev\real-time-news-aggregator\backend\src\services\subscriptionService.ts">
      <metrics statements="4" coveredstatements="4" conditionals="0" coveredconditionals="0" methods="3" coveredmethods="3"/>
      <line num="1" count="2" type="stmt"/>
      <line num="3" count="3" type="stmt"/>
      <line num="4" count="3" type="stmt"/>
      <line num="5" count="2" type="stmt"/>
    </file>
  </project>
</coverage>
