{"C:\\Dev\\real-time-news-aggregator\\backend\\src\\services\\newsPollingService.ts": {"path":"C:\\Dev\\real-time-news-aggregator\\backend\\src\\services\\newsPollingService.ts","statementMap":{"0":{"start":{"line":1,"column":0},"end":{"line":1,"column":49}},"1":{"start":{"line":2,"column":0},"end":{"line":2,"column":66}},"2":{"start":{"line":5,"column":25},"end":{"line":5,"column":39}},"3":{"start":{"line":6,"column":54},"end":{"line":6,"column":56}},"4":{"start":{"line":8,"column":32},"end":{"line":27,"column":1}},"5":{"start":{"line":9,"column":4},"end":{"line":26,"column":25}},"6":{"start":{"line":9,"column":27},"end":{"line":26,"column":7}},"7":{"start":{"line":10,"column":8},"end":{"line":10,"column":55}},"8":{"start":{"line":11,"column":8},"end":{"line":25,"column":9}},"9":{"start":{"line":12,"column":27},"end":{"line":12,"column":60}},"10":{"start":{"line":14,"column":12},"end":{"line":22,"column":13}},"11":{"start":{"line":15,"column":33},"end":{"line":15,"column":87}},"12":{"start":{"line":17,"column":16},"end":{"line":21,"column":17}},"13":{"start":{"line":18,"column":20},"end":{"line":18,"column":62}},"14":{"start":{"line":20,"column":20},"end":{"line":20,"column":70}},"15":{"start":{"line":24,"column":12},"end":{"line":24,"column":56}},"16":{"start":{"line":8,"column":13},"end":{"line":8,"column":32}}},"fnMap":{"0":{"name":"(anonymous_7)","decl":{"start":{"line":8,"column":32},"end":{"line":8,"column":33}},"loc":{"start":{"line":8,"column":47},"end":{"line":27,"column":1}}},"1":{"name":"(anonymous_8)","decl":{"start":{"line":9,"column":16},"end":{"line":9,"column":25}},"loc":{"start":{"line":9,"column":27},"end":{"line":26,"column":7}}},"2":{"name":"(anonymous_9)","decl":{"start":{"line":9,"column":27},"end":{"line":9,"column":null}},"loc":{"start":{"line":9,"column":27},"end":{"line":26,"column":5}}}},"branchMap":{"0":{"loc":{"start":{"line":17,"column":16},"end":{"line":21,"column":17}},"type":"if","locations":[{"start":{"line":17,"column":16},"end":{"line":21,"column":17}}]}},"s":{"0":1,"1":1,"2":1,"3":1,"4":1,"5":1,"6":1,"7":1,"8":1,"9":1,"10":0,"11":0,"12":0,"13":0,"14":0,"15":0,"16":1},"f":{"0":1,"1":1,"2":1},"b":{"0":[0]}}
,"C:\\Dev\\real-time-news-aggregator\\backend\\src\\services\\newsService.ts": {"path":"C:\\Dev\\real-time-news-aggregator\\backend\\src\\services\\newsService.ts","statementMap":{"0":{"start":{"line":1,"column":0},"end":{"line":1,"column":26}},"1":{"start":{"line":2,"column":0},"end":{"line":2,"column":27}},"2":{"start":{"line":4,"column":0},"end":{"line":4,"column":null}},"3":{"start":{"line":6,"column":21},"end":{"line":6,"column":55}},"4":{"start":{"line":7,"column":17},"end":{"line":7,"column":41}},"5":{"start":{"line":9,"column":32},"end":{"line":29,"column":2}},"6":{"start":{"line":9,"column":71},"end":{"line":29,"column":2}},"7":{"start":{"line":10,"column":4},"end":{"line":28,"column":5}},"8":{"start":{"line":11,"column":25},"end":{"line":23,"column":10}},"9":{"start":{"line":24,"column":8},"end":{"line":24,"column":29}},"10":{"start":{"line":26,"column":8},"end":{"line":26,"column":53}},"11":{"start":{"line":27,"column":8},"end":{"line":27,"column":48}},"12":{"start":{"line":9,"column":13},"end":{"line":9,"column":32}}},"fnMap":{"0":{"name":"(anonymous_8)","decl":{"start":{"line":9,"column":32},"end":{"line":9,"column":39}},"loc":{"start":{"line":9,"column":71},"end":{"line":29,"column":2}}},"1":{"name":"(anonymous_9)","decl":{"start":{"line":9,"column":71},"end":{"line":9,"column":null}},"loc":{"start":{"line":9,"column":71},"end":{"line":29,"column":1}}}},"branchMap":{},"s":{"0":1,"1":1,"2":1,"3":1,"4":1,"5":1,"6":2,"7":2,"8":2,"9":1,"10":1,"11":1,"12":1},"f":{"0":2,"1":2},"b":{}}
,"C:\\Dev\\real-time-news-aggregator\\backend\\src\\services\\subscriptionService.ts": {"path":"C:\\Dev\\real-time-news-aggregator\\backend\\src\\services\\subscriptionService.ts","statementMap":{"0":{"start":{"line":1,"column":0},"end":{"line":1,"column":38}},"1":{"start":{"line":3,"column":41},"end":{"line":6,"column":2}},"2":{"start":{"line":3,"column":71},"end":{"line":6,"column":2}},"3":{"start":{"line":4,"column":19},"end":{"line":4,"column":79}},"4":{"start":{"line":5,"column":4},"end":{"line":5,"column":45}},"5":{"start":{"line":5,"column":34},"end":{"line":5,"column":43}},"6":{"start":{"line":3,"column":13},"end":{"line":3,"column":41}}},"fnMap":{"0":{"name":"(anonymous_8)","decl":{"start":{"line":3,"column":41},"end":{"line":3,"column":69}},"loc":{"start":{"line":3,"column":71},"end":{"line":6,"column":2}}},"1":{"name":"(anonymous_9)","decl":{"start":{"line":3,"column":71},"end":{"line":3,"column":null}},"loc":{"start":{"line":3,"column":71},"end":{"line":6,"column":1}}},"2":{"name":"(anonymous_10)","decl":{"start":{"line":5,"column":27},"end":{"line":5,"column":30}},"loc":{"start":{"line":5,"column":34},"end":{"line":5,"column":43}}}},"branchMap":{},"s":{"0":2,"1":2,"2":3,"3":3,"4":1,"5":2,"6":2},"f":{"0":3,"1":3,"2":2},"b":{}}
}
